[2023-11-30 23:46:52:281 ] [background-preinit] INFO  [org.hibernate.validator.internal.util.Version.<clinit>:21] - HV000001: Hibernate Validator 6.2.5.Final
[2023-11-30 23:46:52:282 ] [main] INFO  [org.springframework.boot.StartupInfoLogger.logStarting:55] - Starting OperationServerApplication using Java 17.0.6 on iyongtaegs-MacBook-Air.local with PID 10392 (/Users/yongtaek/IdeaProjects/sopt-operation-server/build/classes/java/main started by yongtaek in /Users/yongtaek/IdeaProjects/sopt-operation-server)
[2023-11-30 23:46:52:282 ] [main] INFO  [org.springframework.boot.SpringApplication.logStartupProfileInfo:640] - The following 1 profile is active: "dev"
[2023-11-30 23:46:53:762 ] [main] INFO  [org.springframework.data.repository.config.RepositoryConfigurationDelegate.registerRepositoriesIn:132] - Bootstrapping Spring Data JPA repositories in DEFAULT mode.
[2023-11-30 23:46:53:802 ] [main] INFO  [org.springframework.data.repository.config.RepositoryConfigurationDelegate.registerRepositoriesIn:201] - Finished Spring Data repository scanning in 37 ms. Found 7 JPA repository interfaces.
[2023-11-30 23:46:53:1104] [main] INFO  [org.springframework.boot.web.embedded.tomcat.TomcatWebServer.initialize:108] - Tomcat initialized with port(s): 8080 (http)
[2023-11-30 23:46:53:1110] [main] INFO  [org.apache.juli.logging.DirectJDKLog.log:173] - Initializing ProtocolHandler ["http-nio-8080"]
[2023-11-30 23:46:53:1110] [main] INFO  [org.apache.juli.logging.DirectJDKLog.log:173] - Starting service [Tomcat]
[2023-11-30 23:46:53:1110] [main] INFO  [org.apache.juli.logging.DirectJDKLog.log:173] - Starting Servlet engine: [Apache Tomcat/9.0.65]
[2023-11-30 23:46:53:1159] [main] INFO  [org.apache.juli.logging.DirectJDKLog.log:173] - Initializing Spring embedded WebApplicationContext
[2023-11-30 23:46:53:1159] [main] INFO  [org.springframework.boot.web.servlet.context.ServletWebServerApplicationContext.prepareWebApplicationContext:292] - Root WebApplicationContext: initialization completed in 855 ms
[2023-11-30 23:46:53:1259] [main] INFO  [org.hibernate.jpa.internal.util.LogHelper.logPersistenceUnitInformation:31] - HHH000204: Processing PersistenceUnitInfo [name: default]
[2023-11-30 23:46:53:1287] [main] INFO  [org.hibernate.Version.logVersion:44] - HHH000412: Hibernate ORM core version 5.6.11.Final
[2023-11-30 23:46:53:1393] [main] INFO  [org.hibernate.annotations.common.reflection.java.JavaReflectionManager.<clinit>:56] - HCANN000001: Hibernate Commons Annotations {5.1.2.Final}
[2023-11-30 23:46:53:1440] [main] INFO  [com.zaxxer.hikari.HikariDataSource.getConnection:110] - HikariPool-1 - Starting...
[2023-11-30 23:46:54:1800] [main] INFO  [com.zaxxer.hikari.HikariDataSource.getConnection:123] - HikariPool-1 - Start completed.
[2023-11-30 23:46:54:1825] [main] INFO  [org.hibernate.dialect.Dialect.<init>:175] - HHH000400: Using dialect: org.hibernate.dialect.PostgreSQLDialect
[2023-11-30 23:46:54:2248] [main] INFO  [org.hibernate.engine.transaction.jta.platform.internal.JtaPlatformInitiator.initiateService:52] - HHH000490: Using JtaPlatform implementation: [org.hibernate.engine.transaction.jta.platform.internal.NoJtaPlatform]
[2023-11-30 23:46:54:2252] [main] INFO  [org.springframework.orm.jpa.AbstractEntityManagerFactoryBean.buildNativeEntityManagerFactory:437] - Initialized JPA EntityManagerFactory for persistence unit 'default'
[2023-11-30 23:46:55:2941] [main] INFO  [org.springframework.security.web.DefaultSecurityFilterChain.<init>:55] - Will secure Ant [pattern='/**'] with [org.springframework.security.web.session.DisableEncodeUrlFilter@6179551b, org.springframework.security.web.context.request.async.WebAsyncManagerIntegrationFilter@54626326, org.springframework.security.web.context.SecurityContextPersistenceFilter@5ab7e997, org.springframework.security.web.header.HeaderWriterFilter@39ff4421, org.springframework.web.filter.CorsFilter@6f4e39b3, org.springframework.security.web.authentication.logout.LogoutFilter@47d7e8b5, org.sopt.makers.operation.security.jwt.JwtExceptionFilter@53125718, org.sopt.makers.operation.security.jwt.JwtAuthenticationFilter@4ee8051c, org.springframework.security.web.savedrequest.RequestCacheAwareFilter@1b3b5252, org.springframework.security.web.servletapi.SecurityContextHolderAwareRequestFilter@adb15df, org.springframework.security.web.authentication.AnonymousAuthenticationFilter@7ea91c39, org.springframework.security.web.session.SessionManagementFilter@5205b3e2, org.springframework.security.web.access.ExceptionTranslationFilter@9742012, org.springframework.security.web.access.intercept.FilterSecurityInterceptor@78a46d7b]
[2023-11-30 23:46:55:3024] [main] INFO  [org.apache.juli.logging.DirectJDKLog.log:173] - Starting ProtocolHandler ["http-nio-8080"]
[2023-11-30 23:46:55:3032] [main] INFO  [org.springframework.boot.web.embedded.tomcat.TomcatWebServer.start:220] - Tomcat started on port(s): 8080 (http) with context path ''
[2023-11-30 23:46:55:3167] [main] INFO  [org.springframework.boot.StartupInfoLogger.logStarted:61] - Started OperationServerApplication in 3.098 seconds (JVM running for 3.527)
[2023-11-30 23:48:51:118824] [http-nio-8080-exec-1] INFO  [org.apache.juli.logging.DirectJDKLog.log:173] - Initializing Spring DispatcherServlet 'dispatcherServlet'
[2023-11-30 23:48:51:118824] [http-nio-8080-exec-1] INFO  [org.springframework.web.servlet.FrameworkServlet.initServletBean:525] - Initializing Servlet 'dispatcherServlet'
[2023-11-30 23:48:51:118832] [http-nio-8080-exec-1] INFO  [org.springframework.web.servlet.FrameworkServlet.initServletBean:547] - Completed initialization in 8 ms
[2023-11-30 23:48:51:118951] [http-nio-8080-exec-1] INFO  [org.sopt.makers.operation.service.AttendanceServiceImpl.attend:82] - [Attendance: attend start] id: 19
[2023-11-30 23:50:10:197975] [http-nio-8080-exec-3] INFO  [org.sopt.makers.operation.service.AttendanceServiceImpl.attend:82] - [Attendance: attend start] id: 19
[2023-11-30 23:50:10:198168] [http-nio-8080-exec-3] INFO  [org.sopt.makers.operation.service.AttendanceServiceImpl.attend:122] - [Attendance:currentRound update] id: 19 subStatus: ATTENDANCE
[2023-11-30 23:50:10:198169] [http-nio-8080-exec-3] INFO  [org.sopt.makers.operation.service.AttendanceServiceImpl.attend:126] - [Attendance:attendance update] id: 19 subStatus: ABSENT
